<?xml version="1.0" encoding="UTF-8"?>
<!-- Generated by org.testng.reporters.JUnitReportReporter -->
<testsuite skipped="0" hostname="DVA-90KBL20-L" name="test.ReggieSmokeTest" tests="2" failures="0" timestamp="28 Jan 2019 18:42:11 GMT" time="13.737" errors="0">
  <testcase name="loginTest" time="8.959" classname="test.ReggieSmokeTest"/>
  <testcase name="homePageDashboardLinksTest" time="4.778" classname="test.ReggieSmokeTest"/>
</testsuite> <!-- test.ReggieSmokeTest -->
